<?xml version="1.0" encoding="UTF-8"?>
<testsuite xmlns:xsi="http://www.w3.org/2001/XMLSchema-instance" xsi:noNamespaceSchemaLocation="https://maven.apache.org/surefire/maven-surefire-plugin/xsd/surefire-test-report.xsd" name="TestSuite" time="50.382" tests="3" errors="0" skipped="0" failures="0">
  <properties>
    <property name="sun.desktop" value="windows"/>
    <property name="awt.toolkit" value="sun.awt.windows.WToolkit"/>
    <property name="java.specification.version" value="11"/>
    <property name="sun.cpu.isalist" value="amd64"/>
    <property name="sun.jnu.encoding" value="Cp1252"/>
    <property name="java.class.path" value="C:\Users\Michael Karst\Documents\Undemy Training\13_CICD DevOPs Tools for Selenium Automation Testers\Eclipse_Workspace\demoProject\target\test-classes;C:\Users\Michael Karst\Documents\Undemy Training\13_CICD DevOPs Tools for Selenium Automation Testers\Eclipse_Workspace\demoProject\target\classes;C:\Users\Michael Karst\.m2\repository\org\seleniumhq\selenium\selenium-java\3.141.59\selenium-java-3.141.59.jar;C:\Users\Michael Karst\.m2\repository\org\seleniumhq\selenium\selenium-api\3.141.59\selenium-api-3.141.59.jar;C:\Users\Michael Karst\.m2\repository\org\seleniumhq\selenium\selenium-chrome-driver\3.141.59\selenium-chrome-driver-3.141.59.jar;C:\Users\Michael Karst\.m2\repository\org\seleniumhq\selenium\selenium-edge-driver\3.141.59\selenium-edge-driver-3.141.59.jar;C:\Users\Michael Karst\.m2\repository\org\seleniumhq\selenium\selenium-firefox-driver\3.141.59\selenium-firefox-driver-3.141.59.jar;C:\Users\Michael Karst\.m2\repository\org\seleniumhq\selenium\selenium-ie-driver\3.141.59\selenium-ie-driver-3.141.59.jar;C:\Users\Michael Karst\.m2\repository\org\seleniumhq\selenium\selenium-opera-driver\3.141.59\selenium-opera-driver-3.141.59.jar;C:\Users\Michael Karst\.m2\repository\org\seleniumhq\selenium\selenium-remote-driver\3.141.59\selenium-remote-driver-3.141.59.jar;C:\Users\Michael Karst\.m2\repository\org\seleniumhq\selenium\selenium-safari-driver\3.141.59\selenium-safari-driver-3.141.59.jar;C:\Users\Michael Karst\.m2\repository\org\seleniumhq\selenium\selenium-support\3.141.59\selenium-support-3.141.59.jar;C:\Users\Michael Karst\.m2\repository\net\bytebuddy\byte-buddy\1.8.15\byte-buddy-1.8.15.jar;C:\Users\Michael Karst\.m2\repository\org\apache\commons\commons-exec\1.3\commons-exec-1.3.jar;C:\Users\Michael Karst\.m2\repository\com\google\guava\guava\25.0-jre\guava-25.0-jre.jar;C:\Users\Michael Karst\.m2\repository\com\google\code\findbugs\jsr305\1.3.9\jsr305-1.3.9.jar;C:\Users\Michael Karst\.m2\repository\org\checkerframework\checker-compat-qual\2.0.0\checker-compat-qual-2.0.0.jar;C:\Users\Michael Karst\.m2\repository\com\google\errorprone\error_prone_annotations\2.1.3\error_prone_annotations-2.1.3.jar;C:\Users\Michael Karst\.m2\repository\com\google\j2objc\j2objc-annotations\1.1\j2objc-annotations-1.1.jar;C:\Users\Michael Karst\.m2\repository\org\codehaus\mojo\animal-sniffer-annotations\1.14\animal-sniffer-annotations-1.14.jar;C:\Users\Michael Karst\.m2\repository\com\squareup\okhttp3\okhttp\3.11.0\okhttp-3.11.0.jar;C:\Users\Michael Karst\.m2\repository\com\squareup\okio\okio\1.14.0\okio-1.14.0.jar;C:\Users\Michael Karst\.m2\repository\org\sonarsource\scanner\maven\sonar-maven-plugin\3.7.0.1746\sonar-maven-plugin-3.7.0.1746.jar;C:\Users\Michael Karst\.m2\repository\org\sonatype\plexus\plexus-sec-dispatcher\1.4\plexus-sec-dispatcher-1.4.jar;C:\Users\Michael Karst\.m2\repository\org\sonatype\plexus\plexus-cipher\1.4\plexus-cipher-1.4.jar;C:\Users\Michael Karst\.m2\repository\org\codehaus\plexus\plexus-utils\3.2.1\plexus-utils-3.2.1.jar;C:\Users\Michael Karst\.m2\repository\org\sonarsource\scanner\api\sonar-scanner-api\2.14.0.2002\sonar-scanner-api-2.14.0.2002.jar;C:\Users\Michael Karst\.m2\repository\commons-lang\commons-lang\2.6\commons-lang-2.6.jar;C:\Users\Michael Karst\.m2\repository\net\rcarz\jira-client\0.5\jira-client-0.5.jar;C:\Users\Michael Karst\.m2\repository\org\apache\httpcomponents\httpmime\4.2.5\httpmime-4.2.5.jar;C:\Users\Michael Karst\.m2\repository\net\sf\json-lib\json-lib\2.4\json-lib-2.4-jdk15.jar;C:\Users\Michael Karst\.m2\repository\commons-beanutils\commons-beanutils\1.8.0\commons-beanutils-1.8.0.jar;C:\Users\Michael Karst\.m2\repository\commons-collections\commons-collections\3.2.1\commons-collections-3.2.1.jar;C:\Users\Michael Karst\.m2\repository\net\sf\ezmorph\ezmorph\1.0.6\ezmorph-1.0.6.jar;C:\Users\Michael Karst\.m2\repository\joda-time\joda-time\2.3\joda-time-2.3.jar;C:\Users\Michael Karst\.m2\repository\junit\junit\4.8.2\junit-4.8.2.jar;C:\Users\Michael Karst\.m2\repository\org\mockito\mockito-all\1.9.0\mockito-all-1.9.0.jar;C:\Users\Michael Karst\.m2\repository\commons-httpclient\commons-httpclient\3.1\commons-httpclient-3.1.jar;C:\Users\Michael Karst\.m2\repository\org\apache\httpcomponents\httpclient\4.5.13\httpclient-4.5.13.jar;C:\Users\Michael Karst\.m2\repository\org\apache\httpcomponents\httpcore\4.4.13\httpcore-4.4.13.jar;C:\Users\Michael Karst\.m2\repository\commons-logging\commons-logging\1.2\commons-logging-1.2.jar;C:\Users\Michael Karst\.m2\repository\commons-codec\commons-codec\1.11\commons-codec-1.11.jar;C:\Users\Michael Karst\.m2\repository\com\google\code\gson\gson\2.8.6\gson-2.8.6.jar;C:\Users\Michael Karst\.m2\repository\com\relevantcodes\extentreports\2.41.2\extentreports-2.41.2.jar;C:\Users\Michael Karst\.m2\repository\org\jsoup\jsoup\1.8.3\jsoup-1.8.3.jar;C:\Users\Michael Karst\.m2\repository\org\xerial\sqlite-jdbc\3.8.11.1\sqlite-jdbc-3.8.11.1.jar;C:\Users\Michael Karst\.m2\repository\org\freemarker\freemarker\2.3.23\freemarker-2.3.23.jar;C:\Users\Michael Karst\.m2\repository\org\mongodb\mongodb-driver\3.0.4\mongodb-driver-3.0.4.jar;C:\Users\Michael Karst\.m2\repository\org\mongodb\bson\3.0.4\bson-3.0.4.jar;C:\Users\Michael Karst\.m2\repository\org\mongodb\mongodb-driver-core\3.0.4\mongodb-driver-core-3.0.4.jar;C:\Users\Michael Karst\.m2\repository\org\testng\testng\7.3.0\testng-7.3.0.jar;C:\Users\Michael Karst\.m2\repository\com\beust\jcommander\1.78\jcommander-1.78.jar;C:\Users\Michael Karst\.m2\repository\org\apache\ant\ant\1.10.3\ant-1.10.3.jar;C:\Users\Michael Karst\.m2\repository\org\apache\ant\ant-launcher\1.10.3\ant-launcher-1.10.3.jar;C:\Users\Michael Karst\.m2\repository\com\google\inject\guice\4.2.2\guice-4.2.2-no_aop.jar;C:\Users\Michael Karst\.m2\repository\javax\inject\javax.inject\1\javax.inject-1.jar;C:\Users\Michael Karst\.m2\repository\aopalliance\aopalliance\1.0\aopalliance-1.0.jar;C:\Users\Michael Karst\.m2\repository\org\yaml\snakeyaml\1.21\snakeyaml-1.21.jar;"/>
    <property name="java.vm.vendor" value="Oracle Corporation"/>
    <property name="sun.arch.data.model" value="64"/>
    <property name="user.variant" value=""/>
    <property name="java.vendor.url" value="https://openjdk.java.net/"/>
    <property name="user.timezone" value="America/Los_Angeles"/>
    <property name="java.vm.specification.version" value="11"/>
    <property name="os.name" value="Windows 10"/>
    <property name="sun.java.launcher" value="SUN_STANDARD"/>
    <property name="user.country" value="US"/>
    <property name="sun.boot.library.path" value="C:\Program Files\Java\jdk-11.0.8\bin"/>
    <property name="sun.java.command" value="C:\Users\Michael Karst\AppData\Local\Temp\surefire5199400222843215627\surefirebooter1995844497152503326.jar C:\Users\Michael Karst\AppData\Local\Temp\surefire5199400222843215627 2020-11-29T09-19-54_954-jvmRun1 surefire9506128504212037207tmp surefire_03993402389170221438tmp"/>
    <property name="jdk.debug" value="release"/>
    <property name="surefire.test.class.path" value="C:\Users\Michael Karst\Documents\Undemy Training\13_CICD DevOPs Tools for Selenium Automation Testers\Eclipse_Workspace\demoProject\target\test-classes;C:\Users\Michael Karst\Documents\Undemy Training\13_CICD DevOPs Tools for Selenium Automation Testers\Eclipse_Workspace\demoProject\target\classes;C:\Users\Michael Karst\.m2\repository\org\seleniumhq\selenium\selenium-java\3.141.59\selenium-java-3.141.59.jar;C:\Users\Michael Karst\.m2\repository\org\seleniumhq\selenium\selenium-api\3.141.59\selenium-api-3.141.59.jar;C:\Users\Michael Karst\.m2\repository\org\seleniumhq\selenium\selenium-chrome-driver\3.141.59\selenium-chrome-driver-3.141.59.jar;C:\Users\Michael Karst\.m2\repository\org\seleniumhq\selenium\selenium-edge-driver\3.141.59\selenium-edge-driver-3.141.59.jar;C:\Users\Michael Karst\.m2\repository\org\seleniumhq\selenium\selenium-firefox-driver\3.141.59\selenium-firefox-driver-3.141.59.jar;C:\Users\Michael Karst\.m2\repository\org\seleniumhq\selenium\selenium-ie-driver\3.141.59\selenium-ie-driver-3.141.59.jar;C:\Users\Michael Karst\.m2\repository\org\seleniumhq\selenium\selenium-opera-driver\3.141.59\selenium-opera-driver-3.141.59.jar;C:\Users\Michael Karst\.m2\repository\org\seleniumhq\selenium\selenium-remote-driver\3.141.59\selenium-remote-driver-3.141.59.jar;C:\Users\Michael Karst\.m2\repository\org\seleniumhq\selenium\selenium-safari-driver\3.141.59\selenium-safari-driver-3.141.59.jar;C:\Users\Michael Karst\.m2\repository\org\seleniumhq\selenium\selenium-support\3.141.59\selenium-support-3.141.59.jar;C:\Users\Michael Karst\.m2\repository\net\bytebuddy\byte-buddy\1.8.15\byte-buddy-1.8.15.jar;C:\Users\Michael Karst\.m2\repository\org\apache\commons\commons-exec\1.3\commons-exec-1.3.jar;C:\Users\Michael Karst\.m2\repository\com\google\guava\guava\25.0-jre\guava-25.0-jre.jar;C:\Users\Michael Karst\.m2\repository\com\google\code\findbugs\jsr305\1.3.9\jsr305-1.3.9.jar;C:\Users\Michael Karst\.m2\repository\org\checkerframework\checker-compat-qual\2.0.0\checker-compat-qual-2.0.0.jar;C:\Users\Michael Karst\.m2\repository\com\google\errorprone\error_prone_annotations\2.1.3\error_prone_annotations-2.1.3.jar;C:\Users\Michael Karst\.m2\repository\com\google\j2objc\j2objc-annotations\1.1\j2objc-annotations-1.1.jar;C:\Users\Michael Karst\.m2\repository\org\codehaus\mojo\animal-sniffer-annotations\1.14\animal-sniffer-annotations-1.14.jar;C:\Users\Michael Karst\.m2\repository\com\squareup\okhttp3\okhttp\3.11.0\okhttp-3.11.0.jar;C:\Users\Michael Karst\.m2\repository\com\squareup\okio\okio\1.14.0\okio-1.14.0.jar;C:\Users\Michael Karst\.m2\repository\org\sonarsource\scanner\maven\sonar-maven-plugin\3.7.0.1746\sonar-maven-plugin-3.7.0.1746.jar;C:\Users\Michael Karst\.m2\repository\org\sonatype\plexus\plexus-sec-dispatcher\1.4\plexus-sec-dispatcher-1.4.jar;C:\Users\Michael Karst\.m2\repository\org\sonatype\plexus\plexus-cipher\1.4\plexus-cipher-1.4.jar;C:\Users\Michael Karst\.m2\repository\org\codehaus\plexus\plexus-utils\3.2.1\plexus-utils-3.2.1.jar;C:\Users\Michael Karst\.m2\repository\org\sonarsource\scanner\api\sonar-scanner-api\2.14.0.2002\sonar-scanner-api-2.14.0.2002.jar;C:\Users\Michael Karst\.m2\repository\commons-lang\commons-lang\2.6\commons-lang-2.6.jar;C:\Users\Michael Karst\.m2\repository\net\rcarz\jira-client\0.5\jira-client-0.5.jar;C:\Users\Michael Karst\.m2\repository\org\apache\httpcomponents\httpmime\4.2.5\httpmime-4.2.5.jar;C:\Users\Michael Karst\.m2\repository\net\sf\json-lib\json-lib\2.4\json-lib-2.4-jdk15.jar;C:\Users\Michael Karst\.m2\repository\commons-beanutils\commons-beanutils\1.8.0\commons-beanutils-1.8.0.jar;C:\Users\Michael Karst\.m2\repository\commons-collections\commons-collections\3.2.1\commons-collections-3.2.1.jar;C:\Users\Michael Karst\.m2\repository\net\sf\ezmorph\ezmorph\1.0.6\ezmorph-1.0.6.jar;C:\Users\Michael Karst\.m2\repository\joda-time\joda-time\2.3\joda-time-2.3.jar;C:\Users\Michael Karst\.m2\repository\junit\junit\4.8.2\junit-4.8.2.jar;C:\Users\Michael Karst\.m2\repository\org\mockito\mockito-all\1.9.0\mockito-all-1.9.0.jar;C:\Users\Michael Karst\.m2\repository\commons-httpclient\commons-httpclient\3.1\commons-httpclient-3.1.jar;C:\Users\Michael Karst\.m2\repository\org\apache\httpcomponents\httpclient\4.5.13\httpclient-4.5.13.jar;C:\Users\Michael Karst\.m2\repository\org\apache\httpcomponents\httpcore\4.4.13\httpcore-4.4.13.jar;C:\Users\Michael Karst\.m2\repository\commons-logging\commons-logging\1.2\commons-logging-1.2.jar;C:\Users\Michael Karst\.m2\repository\commons-codec\commons-codec\1.11\commons-codec-1.11.jar;C:\Users\Michael Karst\.m2\repository\com\google\code\gson\gson\2.8.6\gson-2.8.6.jar;C:\Users\Michael Karst\.m2\repository\com\relevantcodes\extentreports\2.41.2\extentreports-2.41.2.jar;C:\Users\Michael Karst\.m2\repository\org\jsoup\jsoup\1.8.3\jsoup-1.8.3.jar;C:\Users\Michael Karst\.m2\repository\org\xerial\sqlite-jdbc\3.8.11.1\sqlite-jdbc-3.8.11.1.jar;C:\Users\Michael Karst\.m2\repository\org\freemarker\freemarker\2.3.23\freemarker-2.3.23.jar;C:\Users\Michael Karst\.m2\repository\org\mongodb\mongodb-driver\3.0.4\mongodb-driver-3.0.4.jar;C:\Users\Michael Karst\.m2\repository\org\mongodb\bson\3.0.4\bson-3.0.4.jar;C:\Users\Michael Karst\.m2\repository\org\mongodb\mongodb-driver-core\3.0.4\mongodb-driver-core-3.0.4.jar;C:\Users\Michael Karst\.m2\repository\org\testng\testng\7.3.0\testng-7.3.0.jar;C:\Users\Michael Karst\.m2\repository\com\beust\jcommander\1.78\jcommander-1.78.jar;C:\Users\Michael Karst\.m2\repository\org\apache\ant\ant\1.10.3\ant-1.10.3.jar;C:\Users\Michael Karst\.m2\repository\org\apache\ant\ant-launcher\1.10.3\ant-launcher-1.10.3.jar;C:\Users\Michael Karst\.m2\repository\com\google\inject\guice\4.2.2\guice-4.2.2-no_aop.jar;C:\Users\Michael Karst\.m2\repository\javax\inject\javax.inject\1\javax.inject-1.jar;C:\Users\Michael Karst\.m2\repository\aopalliance\aopalliance\1.0\aopalliance-1.0.jar;C:\Users\Michael Karst\.m2\repository\org\yaml\snakeyaml\1.21\snakeyaml-1.21.jar;"/>
    <property name="sun.cpu.endian" value="little"/>
    <property name="user.home" value="C:\Users\Michael Karst"/>
    <property name="user.language" value="en"/>
    <property name="java.specification.vendor" value="Oracle Corporation"/>
    <property name="java.version.date" value="2020-07-14"/>
    <property name="java.home" value="C:\Program Files\Java\jdk-11.0.8"/>
    <property name="file.separator" value="\"/>
    <property name="basedir" value="C:\Users\Michael Karst\Documents\Undemy Training\13_CICD DevOPs Tools for Selenium Automation Testers\Eclipse_Workspace\demoProject"/>
    <property name="java.vm.compressedOopsMode" value="32-bit"/>
    <property name="line.separator" value="&#10;"/>
    <property name="java.specification.name" value="Java Platform API Specification"/>
    <property name="java.vm.specification.vendor" value="Oracle Corporation"/>
    <property name="java.awt.graphicsenv" value="sun.awt.Win32GraphicsEnvironment"/>
    <property name="surefire.real.class.path" value="C:\Users\Michael Karst\AppData\Local\Temp\surefire5199400222843215627\surefirebooter1995844497152503326.jar"/>
    <property name="user.script" value=""/>
    <property name="sun.management.compiler" value="HotSpot 64-Bit Tiered Compilers"/>
    <property name="java.runtime.version" value="11.0.8+10-LTS"/>
    <property name="user.name" value="Michael Karst"/>
    <property name="path.separator" value=";"/>
    <property name="os.version" value="10.0"/>
    <property name="java.runtime.name" value="Java(TM) SE Runtime Environment"/>
    <property name="file.encoding" value="Cp1252"/>
    <property name="java.vm.name" value="Java HotSpot(TM) 64-Bit Server VM"/>
    <property name="java.vendor.version" value="18.9"/>
    <property name="localRepository" value="C:\Users\Michael Karst\.m2\repository"/>
    <property name="java.vendor.url.bug" value="https://bugreport.java.com/bugreport/"/>
    <property name="java.io.tmpdir" value="C:\Users\Michael Karst\AppData\Local\Temp\"/>
    <property name="java.version" value="11.0.8"/>
    <property name="user.dir" value="C:\Users\Michael Karst\Documents\Undemy Training\13_CICD DevOPs Tools for Selenium Automation Testers\Eclipse_Workspace\demoProject"/>
    <property name="os.arch" value="amd64"/>
    <property name="java.vm.specification.name" value="Java Virtual Machine Specification"/>
    <property name="java.awt.printerjob" value="sun.awt.windows.WPrinterJob"/>
    <property name="sun.os.patch.level" value=""/>
    <property name="java.library.path" value="C:\Program Files\Java\jdk-11.0.8\bin;C:\WINDOWS\Sun\Java\bin;C:\WINDOWS\system32;C:\WINDOWS;C:\apache-maven-3.6.3/bin;C:\Program Files\Java\jdk-11.0.8/bin;C:\Program Files\Java\jdk-11.0.8/bin;C:\Program Files (x86)\ActiveState Komodo Edit 12\;C:\Program Files (x86)\Intel\iCLS Client\;C:\Program Files\Intel\iCLS Client\;C:\WINDOWS\system32;C:\WINDOWS;C:\WINDOWS\System32\Wbem;C:\WINDOWS\System32\WindowsPowerShell\v1.0\;C:\Program Files\Common Files\NeatReceipts\Drivers\M12\;C:\Program Files\MATLAB\R2016b\bin;C:\Program Files (x86)\PuTTY\;C:\Program Files (x86)\Common Files\Acronis\VirtualFile\;C:\Program Files (x86)\Common Files\Acronis\VirtualFile64\;C:\Program Files (x86)\Common Files\Acronis\SnapAPI\;C:\Program Files (x86)\Intel\Intel(R) Management Engine Components\DAL;C:\Program Files\Intel\Intel(R) Management Engine Components\DAL;C:\Program Files (x86)\Intel\Intel(R) Management Engine Components\IPT;C:\Program Files\Intel\Intel(R) Management Engine Components\IPT;C:\WINDOWS\System32\OpenSSH\;C:\Users\Michael Karst\AppData\Local\Programs\Python\Python38-32;C:\Users\Michael Karst\AppData\Local\Programs\Python\Python38-32\Scripts;C:\Program Files\Git\cmd;C:\Program Files\Microsoft VS Code\bin;C:\Program Files\nodejs\;C:\strawberry\c\bin;C:\strawberry\perl\bin;C:\axis2-1.6.2\bin;C:\Program Files\MySQL\MySQL Shell 8.0\bin\;C:\Users\Michael Karst\AppData\Roaming\ActiveState\bin;C:\apache-tomcat-9.0.34\bin;C:\apache-ant-1.10.7\bin;C:\apache-maven-3.6.3\bin;C:\Program Files\Java\jdk-11.0.8\bin;C:\Users\Michael Karst\AppData\Roaming\npm;C:\Program Files\nodejs\node_modules\npm\bin;C:\Users\Michael Karst\AppData\Local\Android\Sdk\platform-tools;C:\Users\Michael Karst\AppData\Local\Android\Sdk\tools;C:\Users\Michael Karst\AppData\Local\Android\Sdk\tools\bin;C:\Users\Michael Karst\AppData\Local\Microsoft\WindowsApps;C:\Users\Michael Karst\AppData\Local\Android\Sdk\emulator;."/>
    <property name="java.vendor" value="Oracle Corporation"/>
    <property name="java.vm.info" value="mixed mode"/>
    <property name="java.vm.version" value="11.0.8+10-LTS"/>
    <property name="sun.io.unicode.encoding" value="UnicodeLittle"/>
    <property name="java.class.version" value="55.0"/>
  </properties>
  <testcase name="TestCase1" classname="com.AutomationDemo.demoProject.TestClass1" time="7.436"/>
  <testcase name="TestCase2" classname="com.AutomationDemo.demoProject.TestClass1" time="6.69"/>
  <testcase name="TestCase3" classname="com.AutomationDemo.demoProject.TestClass1" time="9.066"/>
</testsuite>