<?xml version="1.0" encoding="UTF-8"?>
<!-- Generated by org.testng.reporters.JUnitReportReporter -->
<testsuite hostname="Ginas" failures="0" tests="3" name="com.AutomationDemo.demoProject.TestClass1" time="48.593" errors="0" timestamp="2020-11-29T09:20:49 PST" skipped="0">
  <testcase classname="com.AutomationDemo.demoProject.TestClass1" name="TestCase2" time="16.688"/>
  <system-out/>
  <testcase classname="com.AutomationDemo.demoProject.TestClass1" name="TestCase1" time="15.307"/>
  <system-out/>
  <testcase classname="com.AutomationDemo.demoProject.TestClass1" name="TestCase3" time="16.598"/>
  <system-out/>
</testsuite> <!-- com.AutomationDemo.demoProject.TestClass1 -->
